Loaded data for: ['DeepAtash' 'DeepHyperion']
	Features Combinations: ['Curv-TurnCnt']
============================================================================
DATASET RQ2 Showing comparisons for MAP Curv-TurnCnt : 
============================================================================
Log Statistics for: test input count
Comparing: DeepAtash,DeepHyperion.
 	 p-Value 17.5 - 0.17701598287480413 
 	 A12 0.700000 - medium 
 	 power 0.4946920300512325 - runs 18.155324015800826
============================================================================
DATASET RQ2 Showing comparisons for MAP Curv-TurnCnt : 
============================================================================
Log Statistics for: num tsne clusters
Comparing: DeepAtash,DeepHyperion.
 	 p-Value 17.5 - 0.17701598287480413 
 	 A12 0.700000 - medium 
 	 power 0.4946920300512325 - runs 18.155324015800826
============================================================================
DATASET RQ2 Showing comparisons for MAP Curv-TurnCnt : 
============================================================================
Log Statistics for: test input count in target
Comparing: DeepAtash,DeepHyperion.
 	 p-Value 17.5 - 0.17701598287480413 
 	 A12 0.700000 - medium 
 	 power 0.4946920300512325 - runs 18.155324015800826
============================================================================
DATASET RQ2 Showing comparisons for MAP Curv-TurnCnt : 
============================================================================
Log Statistics for: target num tsne clusters
Comparing: DeepAtash,DeepHyperion.
 	 p-Value 17.5 - 0.17701598287480413 
 	 A12 0.700000 - medium 
 	 power 0.4946920300512325 - runs 18.155324015800826
Plot stored to  ./plots/RQ2-BeamNG-dark.pdf
